<?xml version="1.0" encoding="UTF-8"?>
<testng-results ignored="0" total="1" passed="1" failed="0" skipped="0">
  <reporter-output>
  </reporter-output>
  <suite started-at="2022-03-08T14:58:31 IST" name="Default suite" finished-at="2022-03-08T14:58:34 IST" duration-ms="2419">
    <groups>
    </groups>
    <test started-at="2022-03-08T14:58:31 IST" name="Default test" finished-at="2022-03-08T14:58:34 IST" duration-ms="2419">
      <class name="testRest.Test_post">
        <test-method signature="validate_post()[pri:0, instance:testRest.Test_post@223aa2f7]" started-at="2022-03-08T14:58:31 IST" name="validate_post" finished-at="2022-03-08T14:58:34 IST" duration-ms="2380" status="PASS">
          <reporter-output>
          </reporter-output>
        </test-method> <!-- validate_post -->
      </class> <!-- testRest.Test_post -->
    </test> <!-- Default test -->
  </suite> <!-- Default suite -->
</testng-results>
